[LOG] System::create                           : Header version = 2.02.23. Current version = 2.02.23.
[LOG] Manager::init                            : maxchannels = 256 studioflags = 00000006 flags 00000000 extradriverdata 0000000000000000.
[LOG] SystemI::init                            : Initialize version=20223 (144645), maxchannels=256, flags=0x00020000
[LOG] SystemI::setOutputInternal               : Setting output to 'FMOD WASAPI Output'
[LOG] OutputWASAPI::init                       : Mix Format (WAVEFORMATEX): wFormatTag=0xFFFE, nChannels=2, nSamplesPerSec=44100, nAvgBytesPerSec=352800, nBlockAlign=8, wBitsPerSample=32, cbSize=22.
[LOG] OutputWASAPI::init                       : Mix Format (WAVEFORMATEXTENSIBLE): wValidBitsPerSample=32, dwChannelMask=0x00000003, SubFormat=00000003-0000-0010-8000-00AA00389B71.
[LOG] OutputWASAPI::init                       : Output buffer size: 3760 samples, latency: 0.00ms, period: 10.00ms, DSP buffer: 1024 * 4
[LOG] SystemI::init                            : Output requires a sample rate of 44100Hz, resampling will occur.
[LOG] Thread::initThread                       : Init FMOD stream thread. Affinity: 0x4000000000000003, Priority: 0xFFFF7FFB, Stack Size: 98304, Semaphore: No, Sleep Time: 10, Looping: Yes.
[LOG] Thread::initThread                       : Init FMOD mixer thread. Affinity: 0x4000000000000001, Priority: 0xFFFF7FFA, Stack Size: 81920, Semaphore: No, Sleep Time: 0, Looping: Yes.
[LOG] AsyncManager::init                       : manager 00000262AE20A158 isAsync 0 updatePeriod 0.02
[LOG] AsyncManager::init                       : done
[LOG] PlaybackSystem::init                     : 
[LOG] Thread::initThread                       : Init FMOD Studio sample load thread. Affinity: 0x4000000000000003, Priority: 0xFFFF7FFD, Stack Size: 98304, Semaphore: No, Sleep Time: 1, Looping: No.
[LOG] PlaybackSystem::init                     : done
[LOG] Thread::initThread                       : Init FMOD Studio bank load thread. Affinity: 0x4000000000000003, Priority: 0xFFFF7FFD, Stack Size: 98304, Semaphore: No, Sleep Time: 1, Looping: No.
[LOG] Manager::init                            : done.
[LOG] Manager::readBank                        : fileversion = 142, compatVersion = 140 (oldest = 44, newest = 142)
[LOG] Manager::readBank                        : fileversion = 142, compatVersion = 140 (oldest = 44, newest = 142)
[LOG] Manager::readBank                        : fileversion = 142, compatVersion = 140 (oldest = 44, newest = 142)
[LOG] PlaybackSystem::acquireMasterBus         : Setting master channel group format to 6
[LOG] SystemI::mixerSuspend                    : Suspending output.
[LOG] SystemI::mixerResume                     : Resuming output.
[LOG] SystemI::createSoundInternal             : Create name='', mode=0x02000202
[LOG] SystemI::createSoundInternal             : exinfo->cbsize             = 224
[LOG] SystemI::createSoundInternal             : exinfo->length             = 1389280
[LOG] SystemI::createSoundInternal             : exinfo->fileoffset         = 9312
[LOG] SystemI::createSoundInternal             : exinfo->numsubsounds       = 1
[LOG] SystemI::createSoundInternal             : exinfo->inclusionlist      = 000000B501EDEF28
[LOG] SystemI::createSoundInternal             : exinfo->inclusionlistnum   = 1
[LOG] SystemI::createSoundInternal             : exinfo->suggestedsoundtype = 5
[LOG] SystemI::createSoundInternal             : exinfo->useropen           = 00007FFB797E4130
[LOG] SystemI::createSoundInternal             : exinfo->userclose          = 00007FFB797E40F0
[LOG] SystemI::createSoundInternal             : exinfo->userread           = 00007FFB797E4210
[LOG] SystemI::createSoundInternal             : exinfo->userseek           = 00007FFB797E42D0
[LOG] SystemI::createSoundInternal             : exinfo->fileuserdata       = 00000262CDA9F018
[LOG] SystemI::createSoundInternal             : exinfo->initialseekpostype = 1
[LOG] SystemI::DSPCodecPoolRegister            : register codec pool for pool type 5
[LOG] SystemI::createSoundInternal             : Sample 0/1: name='place_tower - Trimmed', format=5, channels=2, frequency=48000, lengthbytes=1504, lengthpcm=6539, pcmblocksize=0, loopstart=0, loopend=0, mode=0x00000000, channelmask=0x00000000, channelorder=0, peakvolume=0.853088.
[LOG] SystemI::createSoundInternal             : Create name='', mode=0x02000202
[LOG] SystemI::createSoundInternal             : exinfo->cbsize             = 224
[LOG] SystemI::createSoundInternal             : exinfo->length             = 1389280
[LOG] SystemI::createSoundInternal             : exinfo->fileoffset         = 9312
[LOG] SystemI::createSoundInternal             : exinfo->numsubsounds       = 1
[LOG] SystemI::createSoundInternal             : exinfo->inclusionlist      = 000000B501EDEF28
[LOG] SystemI::createSoundInternal             : exinfo->inclusionlistnum   = 1
[LOG] SystemI::createSoundInternal             : exinfo->suggestedsoundtype = 5
[LOG] SystemI::createSoundInternal             : exinfo->useropen           = 00007FFB797E4130
[LOG] SystemI::createSoundInternal             : exinfo->userclose          = 00007FFB797E40F0
[LOG] SystemI::createSoundInternal             : exinfo->userread           = 00007FFB797E4210
[LOG] SystemI::createSoundInternal             : exinfo->userseek           = 00007FFB797E42D0
[LOG] SystemI::createSoundInternal             : exinfo->fileuserdata       = 00000262CDAA2DF8
[LOG] SystemI::createSoundInternal             : exinfo->initialseekpostype = 1
[LOG] SystemI::DSPCodecPoolRegister            : register codec pool for pool type 5
[LOG] SystemI::createSoundInternal             : Sample 0/1: name='Blipfree_Metal Impact 2', format=5, channels=2, frequency=48000, lengthbytes=1088, lengthpcm=2737, pcmblocksize=0, loopstart=0, loopend=0, mode=0x00000000, channelmask=0x00000000, channelorder=0, peakvolume=0.988500.
[LOG] SystemI::createSoundInternal             : Create name='', mode=0x02000202
[LOG] SystemI::createSoundInternal             : exinfo->cbsize             = 224
[LOG] SystemI::createSoundInternal             : exinfo->length             = 1389280
[LOG] SystemI::createSoundInternal             : exinfo->fileoffset         = 9312
[LOG] SystemI::createSoundInternal             : exinfo->numsubsounds       = 1
[LOG] SystemI::createSoundInternal             : exinfo->inclusionlist      = 000000B501EDEF28
[LOG] SystemI::createSoundInternal             : exinfo->inclusionlistnum   = 1
[LOG] SystemI::createSoundInternal             : exinfo->suggestedsoundtype = 5
[LOG] SystemI::createSoundInternal             : exinfo->useropen           = 00007FFB797E4130
[LOG] SystemI::createSoundInternal             : exinfo->userclose          = 00007FFB797E40F0
[LOG] SystemI::createSoundInternal             : exinfo->userread           = 00007FFB797E4210
[LOG] SystemI::createSoundInternal             : exinfo->userseek           = 00007FFB797E42D0
[LOG] SystemI::createSoundInternal             : exinfo->fileuserdata       = 00000262CDAA2DF8
[LOG] SystemI::createSoundInternal             : exinfo->initialseekpostype = 1
[LOG] SystemI::DSPCodecPoolRegister            : register codec pool for pool type 5
[LOG] SystemI::createSoundInternal             : Sample 0/1: name='Tools, Hand, Hammer, Nail Into Stone SND0255', format=5, channels=2, frequency=48000, lengthbytes=6240, lengthpcm=21876, pcmblocksize=0, loopstart=0, loopend=0, mode=0x00000000, channelmask=0x00000000, channelorder=0, peakvolume=0.988373.
[LOG] SystemI::createSoundInternal             : Create name='', mode=0x02000202
[LOG] SystemI::createSoundInternal             : exinfo->cbsize             = 224
[LOG] SystemI::createSoundInternal             : exinfo->length             = 1389280
[LOG] SystemI::createSoundInternal             : exinfo->fileoffset         = 9312
[LOG] SystemI::createSoundInternal             : exinfo->numsubsounds       = 1
[LOG] SystemI::createSoundInternal             : exinfo->inclusionlist      = 000000B501EDEF28
[LOG] SystemI::createSoundInternal             : exinfo->inclusionlistnum   = 1
[LOG] SystemI::createSoundInternal             : exinfo->suggestedsoundtype = 5
[LOG] SystemI::createSoundInternal             : exinfo->useropen           = 00007FFB797E4130
[LOG] SystemI::createSoundInternal             : exinfo->userclose          = 00007FFB797E40F0
[LOG] SystemI::createSoundInternal             : exinfo->userread           = 00007FFB797E4210
[LOG] SystemI::createSoundInternal             : exinfo->userseek           = 00007FFB797E42D0
[LOG] SystemI::createSoundInternal             : exinfo->fileuserdata       = 00000262CDAA2DF8
[LOG] SystemI::createSoundInternal             : exinfo->initialseekpostype = 1
[LOG] SystemI::DSPCodecPoolRegister            : register codec pool for pool type 5
[LOG] SystemI::createSoundInternal             : Sample 0/1: name='Ceramics, Friction, Nails Scrape On Ceramic Tile, Screeching, Shivering, Unpleasant SND37434', format=5, channels=2, frequency=48000, lengthbytes=6688, lengthpcm=22576, pcmblocksize=0, loopstart=0, loopend=0, mode=0x00000000, channelmask=0x00000000, channelorder=0, peakvolume=0.769836.
[LOG] SystemI::createSound                     : filename = Assets/fmod_project/Build/Desktop/Master.bank : mode 02010082
[LOG] SystemI::createSound                     : FMOD_NONBLOCKING specified.  Putting into queue to be opened asynchronously!
[LOG] Thread::initThread                       : Init FMOD nonblocking thread (0). Affinity: 0x4000000000000003, Priority: 0xFFFF7FFC, Stack Size: 114688, Semaphore: Yes, Sleep Time: 0, Looping: Yes.
[LOG] AsyncThread::add                         : add sound to async queue : soundi = 00000262CB759CC8, queue head = 00000261D007B378, queue count = 0
[LOG] AsyncThread::threadFunc                  : Starting Asynchronous operation on sound 00000262CB759CC8
[LOG] SystemI::createSoundInternal             :     Create name='Assets/fmod_project/Build/Desktop/Master.bank', mode=0x02010082
[LOG] SystemI::createSoundInternal             :     exinfo->cbsize             = 224
[LOG] SystemI::createSoundInternal             :     exinfo->length             = 1389280
[LOG] SystemI::createSoundInternal             :     exinfo->fileoffset         = 9312
[LOG] SystemI::createSoundInternal             :     exinfo->numsubsounds       = 1
[LOG] SystemI::createSoundInternal             :     exinfo->inclusionlist      = 00000261D766C9C0
[LOG] SystemI::createSoundInternal             :     exinfo->inclusionlistnum   = 1
[LOG] SystemI::createSoundInternal             :     exinfo->suggestedsoundtype = 5
[LOG] SystemI::createSoundInternal             :     exinfo->initialseekpostype = 1
[LOG] SystemI::createSoundInternal             :     Stream 0/1: name='mobs', format=5, channels=2, frequency=48000, lengthbytes=1072000, lengthpcm=3622305, pcmblocksize=0, loopstart=0, loopend=0, mode=0x00000000, channelmask=0x00000000, channelorder=0, peakvolume=0.460283.
[LOG] Thread::initThread                       :     Init FMOD file thread. Affinity: 0x4000000000000003, Priority: 0xFFFF7FFC, Stack Size: 65536, Semaphore: No, Sleep Time: 10, Looping: Yes.
[LOG] AsyncThread::threadFunc                  : Finished Asynchronous operation on sound 00000262CB759CC8
[LOG] SystemI::createSound                     : filename = Assets/fmod_project/Build/Desktop/Master.bank : mode 02010082
[LOG] SystemI::createSound                     : FMOD_NONBLOCKING specified.  Putting into queue to be opened asynchronously!
[LOG] AsyncThread::add                         : add sound to async queue : soundi = 00000262CB754868, queue head = 00000261D007B378, queue count = 0
[LOG] AsyncThread::threadFunc                  : Starting Asynchronous operation on sound 00000262CB754868
[LOG] SystemI::createSoundInternal             :     Create name='Assets/fmod_project/Build/Desktop/Master.bank', mode=0x02010082
[LOG] SystemI::createSoundInternal             :     exinfo->cbsize             = 224
[LOG] SystemI::createSoundInternal             :     exinfo->length             = 1389280
[LOG] SystemI::createSoundInternal             :     exinfo->fileoffset         = 9312
[LOG] SystemI::createSoundInternal             :     exinfo->numsubsounds       = 1
[LOG] SystemI::createSoundInternal             :     exinfo->inclusionlist      = 00000261CE1A2980
[LOG] SystemI::createSoundInternal             :     exinfo->inclusionlistnum   = 1
[LOG] SystemI::createSoundInternal             :     exinfo->suggestedsoundtype = 5
[LOG] SystemI::createSoundInternal             :     exinfo->initialseekpostype = 1
[LOG] SystemI::createSoundInternal             :     Stream 0/1: name='mobs', format=5, channels=2, frequency=48000, lengthbytes=1072000, lengthpcm=3622305, pcmblocksize=0, loopstart=0, loopend=0, mode=0x00000000, channelmask=0x00000000, channelorder=0, peakvolume=0.460283.
[LOG] AsyncThread::threadFunc                  : Finished Asynchronous operation on sound 00000262CB754868
[LOG] SystemI::createSound                     : filename = Assets/fmod_project/Build/Desktop/Master.bank : mode 02010082
[LOG] SystemI::createSound                     : FMOD_NONBLOCKING specified.  Putting into queue to be opened asynchronously!
[LOG] AsyncThread::add                         : add sound to async queue : soundi = 00000262CB75E048, queue head = 00000261D007B378, queue count = 0
[LOG] AsyncThread::threadFunc                  : Starting Asynchronous operation on sound 00000262CB75E048
[LOG] SystemI::createSoundInternal             :     Create name='Assets/fmod_project/Build/Desktop/Master.bank', mode=0x02010082
[LOG] SystemI::createSoundInternal             :     exinfo->cbsize             = 224
[LOG] SystemI::createSoundInternal             :     exinfo->length             = 1389280
[LOG] SystemI::createSoundInternal             :     exinfo->fileoffset         = 9312
[LOG] SystemI::createSoundInternal             :     exinfo->numsubsounds       = 1
[LOG] SystemI::createSoundInternal             :     exinfo->inclusionlist      = 00000261CD407A60
[LOG] SystemI::createSoundInternal             :     exinfo->inclusionlistnum   = 1
[LOG] SystemI::createSoundInternal             :     exinfo->suggestedsoundtype = 5
[LOG] SystemI::createSoundInternal             :     exinfo->initialseekpostype = 1
[LOG] SystemI::createSoundInternal             :     Stream 0/1: name='mobs', format=5, channels=2, frequency=48000, lengthbytes=1072000, lengthpcm=3622305, pcmblocksize=0, loopstart=0, loopend=0, mode=0x00000000, channelmask=0x00000000, channelorder=0, peakvolume=0.460283.
[LOG] AsyncThread::threadFunc                  : Finished Asynchronous operation on sound 00000262CB75E048
[LOG] SystemI::createSound                     : filename = Assets/fmod_project/Build/Desktop/Master.bank : mode 02010082
[LOG] SystemI::createSound                     : FMOD_NONBLOCKING specified.  Putting into queue to be opened asynchronously!
[LOG] AsyncThread::add                         : add sound to async queue : soundi = 00000262CB75FB48, queue head = 00000261D007B378, queue count = 0
[LOG] AsyncThread::threadFunc                  : Starting Asynchronous operation on sound 00000262CB75FB48
[LOG] SystemI::createSoundInternal             :     Create name='Assets/fmod_project/Build/Desktop/Master.bank', mode=0x02010082
[LOG] SystemI::createSoundInternal             :     exinfo->cbsize             = 224
[LOG] SystemI::createSoundInternal             :     exinfo->length             = 1389280
[LOG] SystemI::createSoundInternal             :     exinfo->fileoffset         = 9312
[LOG] SystemI::createSoundInternal             :     exinfo->numsubsounds       = 1
[LOG] SystemI::createSoundInternal             :     exinfo->inclusionlist      = 00000261CE1A2C00
[LOG] SystemI::createSoundInternal             :     exinfo->inclusionlistnum   = 1
[LOG] SystemI::createSoundInternal             :     exinfo->suggestedsoundtype = 5
[LOG] SystemI::createSoundInternal             :     exinfo->initialseekpostype = 1
[LOG] SystemI::createSoundInternal             :     Stream 0/1: name='mobs', format=5, channels=2, frequency=48000, lengthbytes=1072000, lengthpcm=3622305, pcmblocksize=0, loopstart=0, loopend=0, mode=0x00000000, channelmask=0x00000000, channelorder=0, peakvolume=0.460283.
[LOG] AsyncThread::threadFunc                  : Finished Asynchronous operation on sound 00000262CB75FB48
[LOG] SystemI::createSound                     : filename = Assets/fmod_project/Build/Desktop/Master.bank : mode 02010082
[LOG] SystemI::createSound                     : FMOD_NONBLOCKING specified.  Putting into queue to be opened asynchronously!
[LOG] AsyncThread::add                         : add sound to async queue : soundi = 00000262CB75FEA8, queue head = 00000261D007B378, queue count = 0
[LOG] AsyncThread::threadFunc                  : Starting Asynchronous operation on sound 00000262CB75FEA8
[LOG] SystemI::createSoundInternal             :     Create name='Assets/fmod_project/Build/Desktop/Master.bank', mode=0x02010082
[LOG] SystemI::createSoundInternal             :     exinfo->cbsize             = 224
[LOG] SystemI::createSoundInternal             :     exinfo->length             = 1389280
[LOG] SystemI::createSoundInternal             :     exinfo->fileoffset         = 9312
[LOG] SystemI::createSoundInternal             :     exinfo->numsubsounds       = 1
[LOG] SystemI::createSoundInternal             :     exinfo->inclusionlist      = 00000261CE1A2D40
[LOG] SystemI::createSoundInternal             :     exinfo->inclusionlistnum   = 1
[LOG] SystemI::createSoundInternal             :     exinfo->suggestedsoundtype = 5
[LOG] SystemI::createSoundInternal             :     exinfo->initialseekpostype = 1
[LOG] SystemI::createSoundInternal             :     Stream 0/1: name='mobs', format=5, channels=2, frequency=48000, lengthbytes=1072000, lengthpcm=3622305, pcmblocksize=0, loopstart=0, loopend=0, mode=0x00000000, channelmask=0x00000000, channelorder=0, peakvolume=0.460283.
[LOG] AsyncThread::threadFunc                  : Finished Asynchronous operation on sound 00000262CB75FEA8
[LOG] SystemI::createSound                     : filename = Assets/fmod_project/Build/Desktop/Master.bank : mode 02010082
[LOG] SystemI::createSound                     : FMOD_NONBLOCKING specified.  Putting into queue to be opened asynchronously!
[LOG] AsyncThread::add                         : add sound to async queue : soundi = 00000262CB75ADA8, queue head = 00000261D007B378, queue count = 0
[LOG] AsyncThread::threadFunc                  : Starting Asynchronous operation on sound 00000262CB75ADA8
[LOG] SystemI::createSoundInternal             :     Create name='Assets/fmod_project/Build/Desktop/Master.bank', mode=0x02010082
[LOG] SystemI::createSoundInternal             :     exinfo->cbsize             = 224
[LOG] SystemI::createSoundInternal             :     exinfo->length             = 1389280
[LOG] SystemI::createSoundInternal             :     exinfo->fileoffset         = 9312
[LOG] SystemI::createSoundInternal             :     exinfo->numsubsounds       = 1
[LOG] SystemI::createSoundInternal             :     exinfo->inclusionlist      = 00000262CA853A70
[LOG] SystemI::createSoundInternal             :     exinfo->inclusionlistnum   = 1
[LOG] SystemI::createSoundInternal             :     exinfo->suggestedsoundtype = 5
[LOG] SystemI::createSoundInternal             :     exinfo->initialseekpostype = 1
[LOG] SystemI::createSoundInternal             :     Stream 0/1: name='mobs', format=5, channels=2, frequency=48000, lengthbytes=1072000, lengthpcm=3622305, pcmblocksize=0, loopstart=0, loopend=0, mode=0x00000000, channelmask=0x00000000, channelorder=0, peakvolume=0.460283.
[LOG] AsyncThread::threadFunc                  : Finished Asynchronous operation on sound 00000262CB75ADA8
[LOG] SystemI::createSound                     : filename = Assets/fmod_project/Build/Desktop/Master.bank : mode 02010082
[LOG] SystemI::createSound                     : FMOD_NONBLOCKING specified.  Putting into queue to be opened asynchronously!
[LOG] AsyncThread::add                         : add sound to async queue : soundi = 00000262CB75E8B8, queue head = 00000261D007B378, queue count = 0
[LOG] AsyncThread::threadFunc                  : Starting Asynchronous operation on sound 00000262CB75E8B8
[LOG] SystemI::createSoundInternal             :     Create name='Assets/fmod_project/Build/Desktop/Master.bank', mode=0x02010082
[LOG] SystemI::createSoundInternal             :     exinfo->cbsize             = 224
[LOG] SystemI::createSoundInternal             :     exinfo->length             = 1389280
[LOG] SystemI::createSoundInternal             :     exinfo->fileoffset         = 9312
[LOG] SystemI::createSoundInternal             :     exinfo->numsubsounds       = 1
[LOG] SystemI::createSoundInternal             :     exinfo->inclusionlist      = 00000262CA853CF0
[LOG] SystemI::createSoundInternal             :     exinfo->inclusionlistnum   = 1
[LOG] SystemI::createSoundInternal             :     exinfo->suggestedsoundtype = 5
[LOG] SystemI::createSoundInternal             :     exinfo->initialseekpostype = 1
[LOG] SystemI::createSoundInternal             :     Stream 0/1: name='mobs', format=5, channels=2, frequency=48000, lengthbytes=1072000, lengthpcm=3622305, pcmblocksize=0, loopstart=0, loopend=0, mode=0x00000000, channelmask=0x00000000, channelorder=0, peakvolume=0.460283.
[LOG] AsyncThread::threadFunc                  : Finished Asynchronous operation on sound 00000262CB75E8B8
[LOG] SystemI::createSound                     : filename = Assets/fmod_project/Build/Desktop/Master.bank : mode 02010082
[LOG] SystemI::createSound                     : FMOD_NONBLOCKING specified.  Putting into queue to be opened asynchronously!
[LOG] AsyncThread::add                         : add sound to async queue : soundi = 00000262CB75B7C8, queue head = 00000261D007B378, queue count = 0
[LOG] AsyncThread::threadFunc                  : Starting Asynchronous operation on sound 00000262CB75B7C8
[LOG] SystemI::createSoundInternal             :     Create name='Assets/fmod_project/Build/Desktop/Master.bank', mode=0x02010082
[LOG] SystemI::createSoundInternal             :     exinfo->cbsize             = 224
[LOG] SystemI::createSoundInternal             :     exinfo->length             = 1389280
[LOG] SystemI::createSoundInternal             :     exinfo->fileoffset         = 9312
[LOG] SystemI::createSoundInternal             :     exinfo->numsubsounds       = 1
[LOG] SystemI::createSoundInternal             :     exinfo->inclusionlist      = 00000261E2B38290
[LOG] SystemI::createSoundInternal             :     exinfo->inclusionlistnum   = 1
[LOG] SystemI::createSoundInternal             :     exinfo->suggestedsoundtype = 5
[LOG] SystemI::createSoundInternal             :     exinfo->initialseekpostype = 1
[LOG] SystemI::createSoundInternal             :     Stream 0/1: name='mobs', format=5, channels=2, frequency=48000, lengthbytes=1072000, lengthpcm=3622305, pcmblocksize=0, loopstart=0, loopend=0, mode=0x00000000, channelmask=0x00000000, channelorder=0, peakvolume=0.460283.
[LOG] AsyncThread::threadFunc                  : Finished Asynchronous operation on sound 00000262CB75B7C8
[LOG] SoundI::release                          : mobs (00000262CB759CC8)
[LOG] SoundI::release                          :     mobs (0000026135EDF898)
[LOG] SoundI::release                          :     mobs (00000262CB757298)
[LOG] SoundI::release                          : mobs (00000262CB754868)
[LOG] SoundI::release                          :     mobs (00000261A7020018)
[LOG] SoundI::release                          :     mobs (00000262CB754A18)
[LOG] SystemI::createSound                     : filename = Assets/fmod_project/Build/Desktop/Master.bank : mode 02010082
[LOG] SystemI::createSound                     : FMOD_NONBLOCKING specified.  Putting into queue to be opened asynchronously!
[LOG] AsyncThread::add                         : add sound to async queue : soundi = 00000262CB75FCF8, queue head = 00000261D007B378, queue count = 0
[LOG] AsyncThread::threadFunc                  : Starting Asynchronous operation on sound 00000262CB75FCF8
[LOG] SystemI::createSoundInternal             :     Create name='Assets/fmod_project/Build/Desktop/Master.bank', mode=0x02010082
[LOG] SystemI::createSoundInternal             :     exinfo->cbsize             = 224
[LOG] SystemI::createSoundInternal             :     exinfo->length             = 1389280
[LOG] SystemI::createSoundInternal             :     exinfo->fileoffset         = 9312
[LOG] SystemI::createSoundInternal             :     exinfo->numsubsounds       = 1
[LOG] SystemI::createSoundInternal             :     exinfo->inclusionlist      = 00000262CA853430
[LOG] SystemI::createSoundInternal             :     exinfo->inclusionlistnum   = 1
[LOG] SystemI::createSoundInternal             :     exinfo->suggestedsoundtype = 5
[LOG] SystemI::createSoundInternal             :     exinfo->initialseekpostype = 1
[LOG] SystemI::createSoundInternal             :     Stream 0/1: name='mobs', format=5, channels=2, frequency=48000, lengthbytes=1072000, lengthpcm=3622305, pcmblocksize=0, loopstart=0, loopend=0, mode=0x00000000, channelmask=0x00000000, channelorder=0, peakvolume=0.460283.
[LOG] AsyncThread::threadFunc                  : Finished Asynchronous operation on sound 00000262CB75FCF8
[LOG] SystemI::createSound                     : filename = Assets/fmod_project/Build/Desktop/Master.bank : mode 02010082
[LOG] SystemI::createSound                     : FMOD_NONBLOCKING specified.  Putting into queue to be opened asynchronously!
[LOG] AsyncThread::add                         : add sound to async queue : soundi = 00000262CB75E708, queue head = 00000261D007B378, queue count = 0
[LOG] AsyncThread::threadFunc                  : Starting Asynchronous operation on sound 00000262CB75E708
[LOG] SystemI::createSoundInternal             :     Create name='Assets/fmod_project/Build/Desktop/Master.bank', mode=0x02010082
[LOG] SystemI::createSoundInternal             :     exinfo->cbsize             = 224
[LOG] SystemI::createSoundInternal             :     exinfo->length             = 1389280
[LOG] SystemI::createSoundInternal             :     exinfo->fileoffset         = 9312
[LOG] SystemI::createSoundInternal             :     exinfo->numsubsounds       = 1
[LOG] SystemI::createSoundInternal             :     exinfo->inclusionlist      = 00000261CFD15730
[LOG] SystemI::createSoundInternal             :     exinfo->inclusionlistnum   = 1
[LOG] SystemI::createSoundInternal             :     exinfo->suggestedsoundtype = 5
[LOG] SystemI::createSoundInternal             :     exinfo->initialseekpostype = 1
[LOG] SystemI::createSoundInternal             :     Stream 0/1: name='mobs', format=5, channels=2, frequency=48000, lengthbytes=1072000, lengthpcm=3622305, pcmblocksize=0, loopstart=0, loopend=0, mode=0x00000000, channelmask=0x00000000, channelorder=0, peakvolume=0.460283.
[LOG] AsyncThread::threadFunc                  : Finished Asynchronous operation on sound 00000262CB75E708
[LOG] SystemI::createSound                     : filename = Assets/fmod_project/Build/Desktop/Master.bank : mode 02010082
[LOG] SystemI::createSound                     : FMOD_NONBLOCKING specified.  Putting into queue to be opened asynchronously!
[LOG] AsyncThread::add                         : add sound to async queue : soundi = 00000262CB75C6F8, queue head = 00000261D007B378, queue count = 0
[LOG] AsyncThread::threadFunc                  : Starting Asynchronous operation on sound 00000262CB75C6F8
[LOG] SystemI::createSoundInternal             :     Create name='Assets/fmod_project/Build/Desktop/Master.bank', mode=0x02010082
[LOG] SystemI::createSoundInternal             :     exinfo->cbsize             = 224
[LOG] SystemI::createSoundInternal             :     exinfo->length             = 1389280
[LOG] SystemI::createSoundInternal             :     exinfo->fileoffset         = 9312
[LOG] SystemI::createSoundInternal             :     exinfo->numsubsounds       = 1
[LOG] SystemI::createSoundInternal             :     exinfo->inclusionlist      = 00000262CA853BB0
[LOG] SystemI::createSoundInternal             :     exinfo->inclusionlistnum   = 1
[LOG] SystemI::createSoundInternal             :     exinfo->suggestedsoundtype = 5
[LOG] SystemI::createSoundInternal             :     exinfo->initialseekpostype = 1
[LOG] SystemI::createSoundInternal             :     Stream 0/1: name='mobs', format=5, channels=2, frequency=48000, lengthbytes=1072000, lengthpcm=3622305, pcmblocksize=0, loopstart=0, loopend=0, mode=0x00000000, channelmask=0x00000000, channelorder=0, peakvolume=0.460283.
[LOG] AsyncThread::threadFunc                  : Finished Asynchronous operation on sound 00000262CB75C6F8
[LOG] SystemI::createSound                     : filename = Assets/fmod_project/Build/Desktop/Master.bank : mode 02010082
[LOG] SystemI::createSound                     : FMOD_NONBLOCKING specified.  Putting into queue to be opened asynchronously!
[LOG] AsyncThread::add                         : add sound to async queue : soundi = 00000262CB75DCE8, queue head = 00000261D007B378, queue count = 0
[LOG] AsyncThread::threadFunc                  : Starting Asynchronous operation on sound 00000262CB75DCE8
[LOG] SystemI::createSoundInternal             :     Create name='Assets/fmod_project/Build/Desktop/Master.bank', mode=0x02010082
[LOG] SystemI::createSoundInternal             :     exinfo->cbsize             = 224
[LOG] SystemI::createSoundInternal             :     exinfo->length             = 1389280
[LOG] SystemI::createSoundInternal             :     exinfo->fileoffset         = 9312
[LOG] SystemI::createSoundInternal             :     exinfo->numsubsounds       = 1
[LOG] SystemI::createSoundInternal             :     exinfo->inclusionlist      = 00000261CFD15870
[LOG] SystemI::createSoundInternal             :     exinfo->inclusionlistnum   = 1
[LOG] SystemI::createSoundInternal             :     exinfo->suggestedsoundtype = 5
[LOG] SystemI::createSoundInternal             :     exinfo->initialseekpostype = 1
[LOG] SystemI::createSoundInternal             :     Stream 0/1: name='mobs', format=5, channels=2, frequency=48000, lengthbytes=1072000, lengthpcm=3622305, pcmblocksize=0, loopstart=0, loopend=0, mode=0x00000000, channelmask=0x00000000, channelorder=0, peakvolume=0.460283.
[LOG] AsyncThread::threadFunc                  : Finished Asynchronous operation on sound 00000262CB75DCE8
[LOG] SystemI::createSound                     : filename = Assets/fmod_project/Build/Desktop/Master.bank : mode 02010082
[LOG] SystemI::createSound                     : FMOD_NONBLOCKING specified.  Putting into queue to be opened asynchronously!
[LOG] AsyncThread::add                         : add sound to async queue : soundi = 00000262CB75CF68, queue head = 00000261D007B378, queue count = 0
[LOG] AsyncThread::threadFunc                  : Starting Asynchronous operation on sound 00000262CB75CF68
[LOG] SystemI::createSoundInternal             :     Create name='Assets/fmod_project/Build/Desktop/Master.bank', mode=0x02010082
[LOG] SystemI::createSoundInternal             :     exinfo->cbsize             = 224
[LOG] SystemI::createSoundInternal             :     exinfo->length             = 1389280
[LOG] SystemI::createSoundInternal             :     exinfo->fileoffset         = 9312
[LOG] SystemI::createSoundInternal             :     exinfo->numsubsounds       = 1
[LOG] SystemI::createSoundInternal             :     exinfo->inclusionlist      = 00000261D766DF00
[LOG] SystemI::createSoundInternal             :     exinfo->inclusionlistnum   = 1
[LOG] SystemI::createSoundInternal             :     exinfo->suggestedsoundtype = 5
[LOG] SystemI::createSoundInternal             :     exinfo->initialseekpostype = 1
[LOG] SystemI::createSoundInternal             :     Stream 0/1: name='mobs', format=5, channels=2, frequency=48000, lengthbytes=1072000, lengthpcm=3622305, pcmblocksize=0, loopstart=0, loopend=0, mode=0x00000000, channelmask=0x00000000, channelorder=0, peakvolume=0.460283.
[LOG] AsyncThread::threadFunc                  : Finished Asynchronous operation on sound 00000262CB75CF68
[LOG] SystemI::createSound                     : filename = Assets/fmod_project/Build/Desktop/Master.bank : mode 02010082
[LOG] SystemI::createSound                     : FMOD_NONBLOCKING specified.  Putting into queue to be opened asynchronously!
[LOG] AsyncThread::add                         : add sound to async queue : soundi = 00000262CB75BE88, queue head = 00000261D007B378, queue count = 0
[LOG] AsyncThread::threadFunc                  : Starting Asynchronous operation on sound 00000262CB75BE88
[LOG] SystemI::createSoundInternal             :     Create name='Assets/fmod_project/Build/Desktop/Master.bank', mode=0x02010082
[LOG] SystemI::createSoundInternal             :     exinfo->cbsize             = 224
[LOG] SystemI::createSoundInternal             :     exinfo->length             = 1389280
[LOG] SystemI::createSoundInternal             :     exinfo->fileoffset         = 9312
[LOG] SystemI::createSoundInternal             :     exinfo->numsubsounds       = 1
[LOG] SystemI::createSoundInternal             :     exinfo->inclusionlist      = 00000261D766D500
[LOG] SystemI::createSoundInternal             :     exinfo->inclusionlistnum   = 1
[LOG] SystemI::createSoundInternal             :     exinfo->suggestedsoundtype = 5
[LOG] SystemI::createSoundInternal             :     exinfo->initialseekpostype = 1
[LOG] SystemI::createSoundInternal             :     Stream 0/1: name='mobs', format=5, channels=2, frequency=48000, lengthbytes=1072000, lengthpcm=3622305, pcmblocksize=0, loopstart=0, loopend=0, mode=0x00000000, channelmask=0x00000000, channelorder=0, peakvolume=0.460283.
[LOG] AsyncThread::threadFunc                  : Finished Asynchronous operation on sound 00000262CB75BE88
[LOG] SystemI::createSound                     : filename = Assets/fmod_project/Build/Desktop/Master.bank : mode 02010082
[LOG] SystemI::createSound                     : FMOD_NONBLOCKING specified.  Putting into queue to be opened asynchronously!
[LOG] AsyncThread::add                         : add sound to async queue : soundi = 00000262CB760F88, queue head = 00000261D007B378, queue count = 0
[LOG] AsyncThread::threadFunc                  : Starting Asynchronous operation on sound 00000262CB760F88
[LOG] SystemI::createSoundInternal             :     Create name='Assets/fmod_project/Build/Desktop/Master.bank', mode=0x02010082
[LOG] SystemI::createSoundInternal             :     exinfo->cbsize             = 224
[LOG] SystemI::createSoundInternal             :     exinfo->length             = 1389280
[LOG] SystemI::createSoundInternal             :     exinfo->fileoffset         = 9312
[LOG] SystemI::createSoundInternal             :     exinfo->numsubsounds       = 1
[LOG] SystemI::createSoundInternal             :     exinfo->inclusionlist      = 00000262CA853E30
[LOG] SystemI::createSoundInternal             :     exinfo->inclusionlistnum   = 1
[LOG] SystemI::createSoundInternal             :     exinfo->suggestedsoundtype = 5
[LOG] SystemI::createSoundInternal             :     exinfo->initialseekpostype = 1
[LOG] SystemI::createSoundInternal             :     Stream 0/1: name='mobs', format=5, channels=2, frequency=48000, lengthbytes=1072000, lengthpcm=3622305, pcmblocksize=0, loopstart=0, loopend=0, mode=0x00000000, channelmask=0x00000000, channelorder=0, peakvolume=0.460283.
[LOG] AsyncThread::threadFunc                  : Finished Asynchronous operation on sound 00000262CB760F88
[LOG] SystemI::createSound                     : filename = Assets/fmod_project/Build/Desktop/Master.bank : mode 02010082
[LOG] SystemI::createSound                     : FMOD_NONBLOCKING specified.  Putting into queue to be opened asynchronously!
[LOG] AsyncThread::add                         : add sound to async queue : soundi = 00000262CB75D628, queue head = 00000261D007B378, queue count = 0
[LOG] AsyncThread::threadFunc                  : Starting Asynchronous operation on sound 00000262CB75D628
[LOG] SystemI::createSoundInternal             :     Create name='Assets/fmod_project/Build/Desktop/Master.bank', mode=0x02010082
[LOG] SystemI::createSoundInternal             :     exinfo->cbsize             = 224
[LOG] SystemI::createSoundInternal             :     exinfo->length             = 1389280
[LOG] SystemI::createSoundInternal             :     exinfo->fileoffset         = 9312
[LOG] SystemI::createSoundInternal             :     exinfo->numsubsounds       = 1
[LOG] SystemI::createSoundInternal             :     exinfo->inclusionlist      = 00000262CAE3C430
[LOG] SystemI::createSoundInternal             :     exinfo->inclusionlistnum   = 1
[LOG] SystemI::createSoundInternal             :     exinfo->suggestedsoundtype = 5
[LOG] SystemI::createSoundInternal             :     exinfo->initialseekpostype = 1
[LOG] SystemI::createSoundInternal             :     Stream 0/1: name='mobs', format=5, channels=2, frequency=48000, lengthbytes=1072000, lengthpcm=3622305, pcmblocksize=0, loopstart=0, loopend=0, mode=0x00000000, channelmask=0x00000000, channelorder=0, peakvolume=0.460283.
[LOG] AsyncThread::threadFunc                  : Finished Asynchronous operation on sound 00000262CB75D628
[LOG] SoundI::release                          : mobs (00000262CB75FCF8)
[LOG] SoundI::release                          :     mobs (00000262C7D4DF38)
[LOG] SoundI::release                          :     mobs (00000262CB75EDC8)
[LOG] SoundI::release                          : mobs (00000262CB75E048)
[LOG] SoundI::release                          :     mobs (00000262C7D4BB78)
[LOG] SoundI::release                          :     mobs (00000262CB75DE98)
[LOG] SoundI::release                          : mobs (00000262CB75FB48)
[LOG] SoundI::release                          :     mobs (00000262C7D48C58)
[LOG] SoundI::release                          :     mobs (00000262CB75D988)
[LOG] SoundI::release                          : mobs (00000262CB75E708)
[LOG] SoundI::release                          :     mobs (00000262C7D4BD18)
[LOG] SoundI::release                          :     mobs (00000262CB75F128)
[LOG] SoundI::release                          : mobs (00000262CB75B7C8)
[LOG] SoundI::release                          :     mobs (00000262C7D4CA18)
[LOG] SoundI::release                          :     mobs (00000262CB760718)
[LOG] SoundI::release                          : mobs (00000262CB75FEA8)
[LOG] SoundI::release                          :     mobs (00000262C7D49C98)
[LOG] SoundI::release                          :     mobs (00000262CB75BCD8)
[LOG] SoundI::release                          : mobs (00000262CB75C6F8)
[LOG] SoundI::release                          :     mobs (00000262C7D4E758)
[LOG] SoundI::release                          :     mobs (00000262CB760058)
[LOG] AsyncThread::add                         : add sound to async queue : soundi = 00000262CB7608C8, queue head = 00000261D007B378, queue count = 0
[LOG] AsyncThread::threadFunc                  : Starting Asynchronous operation on sound 00000262CB7608C8
[LOG] AsyncThread::threadFunc                  : Finished Asynchronous operation on sound 00000262CB7608C8
[LOG] AsyncThread::add                         : add sound to async queue : soundi = 00000262CB760568, queue head = 00000261D007B378, queue count = 0
[LOG] AsyncThread::threadFunc                  : Starting Asynchronous operation on sound 00000262CB760568
[LOG] AsyncThread::threadFunc                  : Finished Asynchronous operation on sound 00000262CB760568
[LOG] AsyncThread::add                         : add sound to async queue : soundi = 00000262CB760DD8, queue head = 00000261D007B378, queue count = 0
[LOG] AsyncThread::threadFunc                  : Starting Asynchronous operation on sound 00000262CB760DD8
[LOG] AsyncThread::threadFunc                  : Finished Asynchronous operation on sound 00000262CB760DD8
[LOG] AsyncThread::add                         : add sound to async queue : soundi = 00000262CB75EA68, queue head = 00000261D007B378, queue count = 0
[LOG] AsyncThread::threadFunc                  : Starting Asynchronous operation on sound 00000262CB75EA68
[LOG] AsyncThread::threadFunc                  : Finished Asynchronous operation on sound 00000262CB75EA68
[LOG] AsyncThread::add                         : add sound to async queue : soundi = 00000262CB75D118, queue head = 00000261D007B378, queue count = 0
[LOG] AsyncThread::threadFunc                  : Starting Asynchronous operation on sound 00000262CB75D118
[LOG] AsyncThread::threadFunc                  : Finished Asynchronous operation on sound 00000262CB75D118
[LOG] SoundI::release                          : mobs (00000262CB75DCE8)
[LOG] SoundI::release                          :     mobs (00000262C7D4CBB8)
[LOG] SoundI::release                          :     mobs (00000262CB7608C8)
[LOG] SystemI::createSound                     : filename = Assets/fmod_project/Build/Desktop/Master.bank : mode 02010082
[LOG] SystemI::createSound                     : FMOD_NONBLOCKING specified.  Putting into queue to be opened asynchronously!
[LOG] AsyncThread::add                         : add sound to async queue : soundi = 00000262CB75C1E8, queue head = 00000261D007B378, queue count = 0
[LOG] AsyncThread::threadFunc                  : Starting Asynchronous operation on sound 00000262CB75C1E8
[LOG] SystemI::createSoundInternal             :     Create name='Assets/fmod_project/Build/Desktop/Master.bank', mode=0x02010082
[LOG] SystemI::createSoundInternal             :     exinfo->cbsize             = 224
[LOG] SystemI::createSoundInternal             :     exinfo->length             = 1389280
[LOG] SystemI::createSoundInternal             :     exinfo->fileoffset         = 9312
[LOG] SystemI::createSoundInternal             :     exinfo->numsubsounds       = 1
[LOG] SystemI::createSoundInternal             :     exinfo->inclusionlist      = 00000261D761E440
[LOG] SystemI::createSoundInternal             :     exinfo->inclusionlistnum   = 1
[LOG] SystemI::createSoundInternal             :     exinfo->suggestedsoundtype = 5
[LOG] SystemI::createSoundInternal             :     exinfo->initialseekpostype = 1
[LOG] SystemI::createSoundInternal             :     Stream 0/1: name='mobs', format=5, channels=2, frequency=48000, lengthbytes=1072000, lengthpcm=3622305, pcmblocksize=0, loopstart=0, loopend=0, mode=0x00000000, channelmask=0x00000000, channelorder=0, peakvolume=0.460283.
[LOG] AsyncThread::threadFunc                  : Finished Asynchronous operation on sound 00000262CB75C1E8
[LOG] SystemI::createSound                     : filename = Assets/fmod_project/Build/Desktop/Master.bank : mode 02010082
[LOG] SystemI::createSound                     : FMOD_NONBLOCKING specified.  Putting into queue to be opened asynchronously!
[LOG] AsyncThread::add                         : add sound to async queue : soundi = 00000262CB75FCF8, queue head = 00000261D007B378, queue count = 0
[LOG] AsyncThread::threadFunc                  : Starting Asynchronous operation on sound 00000262CB75FCF8
[LOG] SystemI::createSoundInternal             :     Create name='Assets/fmod_project/Build/Desktop/Master.bank', mode=0x02010082
[LOG] SystemI::createSoundInternal             :     exinfo->cbsize             = 224
[LOG] SystemI::createSoundInternal             :     exinfo->length             = 1389280
[LOG] SystemI::createSoundInternal             :     exinfo->fileoffset         = 9312
[LOG] SystemI::createSoundInternal             :     exinfo->numsubsounds       = 1
[LOG] SystemI::createSoundInternal             :     exinfo->inclusionlist      = 00000261D761E800
[LOG] SystemI::createSoundInternal             :     exinfo->inclusionlistnum   = 1
[LOG] SystemI::createSoundInternal             :     exinfo->suggestedsoundtype = 5
[LOG] SystemI::createSoundInternal             :     exinfo->initialseekpostype = 1
[LOG] SystemI::createSoundInternal             :     Stream 0/1: name='mobs', format=5, channels=2, frequency=48000, lengthbytes=1072000, lengthpcm=3622305, pcmblocksize=0, loopstart=0, loopend=0, mode=0x00000000, channelmask=0x00000000, channelorder=0, peakvolume=0.460283.
[LOG] AsyncThread::threadFunc                  : Finished Asynchronous operation on sound 00000262CB75FCF8
[LOG] SystemI::createSound                     : filename = Assets/fmod_project/Build/Desktop/Master.bank : mode 02010082
[LOG] SystemI::createSound                     : FMOD_NONBLOCKING specified.  Putting into queue to be opened asynchronously!
[LOG] AsyncThread::add                         : add sound to async queue : soundi = 00000262CB75D7D8, queue head = 00000261D007B378, queue count = 0
[LOG] AsyncThread::threadFunc                  : Starting Asynchronous operation on sound 00000262CB75D7D8
[LOG] SystemI::createSoundInternal             :     Create name='Assets/fmod_project/Build/Desktop/Master.bank', mode=0x02010082
[LOG] SystemI::createSoundInternal             :     exinfo->cbsize             = 224
[LOG] SystemI::createSoundInternal             :     exinfo->length             = 1389280
[LOG] SystemI::createSoundInternal             :     exinfo->fileoffset         = 9312
[LOG] SystemI::createSoundInternal             :     exinfo->numsubsounds       = 1
[LOG] SystemI::createSoundInternal             :     exinfo->inclusionlist      = 00000261CD407BA0
[LOG] SystemI::createSoundInternal             :     exinfo->inclusionlistnum   = 1
[LOG] SystemI::createSoundInternal             :     exinfo->suggestedsoundtype = 5
[LOG] SystemI::createSoundInternal             :     exinfo->initialseekpostype = 1
[LOG] SystemI::createSoundInternal             :     Stream 0/1: name='mobs', format=5, channels=2, frequency=48000, lengthbytes=1072000, lengthpcm=3622305, pcmblocksize=0, loopstart=0, loopend=0, mode=0x00000000, channelmask=0x00000000, channelorder=0, peakvolume=0.460283.
[LOG] AsyncThread::threadFunc                  : Finished Asynchronous operation on sound 00000262CB75D7D8
[LOG] SystemI::createSound                     : filename = Assets/fmod_project/Build/Desktop/Master.bank : mode 02010082
[LOG] SystemI::createSound                     : FMOD_NONBLOCKING specified.  Putting into queue to be opened asynchronously!
[LOG] AsyncThread::add                         : add sound to async queue : soundi = 00000262CB75EDC8, queue head = 00000261D007B378, queue count = 0
[LOG] AsyncThread::threadFunc                  : Starting Asynchronous operation on sound 00000262CB75EDC8
[LOG] SystemI::createSoundInternal             :     Create name='Assets/fmod_project/Build/Desktop/Master.bank', mode=0x02010082
[LOG] SystemI::createSoundInternal             :     exinfo->cbsize             = 224
[LOG] SystemI::createSoundInternal             :     exinfo->length             = 1389280
[LOG] SystemI::createSoundInternal             :     exinfo->fileoffset         = 9312
[LOG] SystemI::createSoundInternal             :     exinfo->numsubsounds       = 1
[LOG] SystemI::createSoundInternal             :     exinfo->inclusionlist      = 00000261CD407F60
[LOG] SystemI::createSoundInternal             :     exinfo->inclusionlistnum   = 1
[LOG] SystemI::createSoundInternal             :     exinfo->suggestedsoundtype = 5
[LOG] SystemI::createSoundInternal             :     exinfo->initialseekpostype = 1
[LOG] SystemI::createSoundInternal             :     Stream 0/1: name='mobs', format=5, channels=2, frequency=48000, lengthbytes=1072000, lengthpcm=3622305, pcmblocksize=0, loopstart=0, loopend=0, mode=0x00000000, channelmask=0x00000000, channelorder=0, peakvolume=0.460283.
[LOG] AsyncThread::threadFunc                  : Finished Asynchronous operation on sound 00000262CB75EDC8
[LOG] SoundI::release                          : mobs (00000262CB75CF68)
[LOG] SoundI::release                          :     mobs (00000262C7D4B838)
[LOG] SoundI::release                          :     mobs (00000262CB760568)
[LOG] SystemI::createSound                     : filename = Assets/fmod_project/Build/Desktop/Master.bank : mode 02010082
[LOG] SystemI::createSound                     : FMOD_NONBLOCKING specified.  Putting into queue to be opened asynchronously!
[LOG] AsyncThread::add                         : add sound to async queue : soundi = 00000262CB75F128, queue head = 00000261D007B378, queue count = 0
[LOG] AsyncThread::threadFunc                  : Starting Asynchronous operation on sound 00000262CB75F128
[LOG] SystemI::createSoundInternal             :     Create name='Assets/fmod_project/Build/Desktop/Master.bank', mode=0x02010082
[LOG] SystemI::createSoundInternal             :     exinfo->cbsize             = 224
[LOG] SystemI::createSoundInternal             :     exinfo->length             = 1389280
[LOG] SystemI::createSoundInternal             :     exinfo->fileoffset         = 9312
[LOG] SystemI::createSoundInternal             :     exinfo->numsubsounds       = 1
[LOG] SystemI::createSoundInternal             :     exinfo->inclusionlist      = 00000262CA8536B0
[LOG] SystemI::createSoundInternal             :     exinfo->inclusionlistnum   = 1
[LOG] SystemI::createSoundInternal             :     exinfo->suggestedsoundtype = 5
[LOG] SystemI::createSoundInternal             :     exinfo->initialseekpostype = 1
[LOG] SystemI::createSoundInternal             :     Stream 0/1: name='mobs', format=5, channels=2, frequency=48000, lengthbytes=1072000, lengthpcm=3622305, pcmblocksize=0, loopstart=0, loopend=0, mode=0x00000000, channelmask=0x00000000, channelorder=0, peakvolume=0.460283.
[LOG] AsyncThread::threadFunc                  : Finished Asynchronous operation on sound 00000262CB75F128
[LOG] SystemI::createSound                     : filename = Assets/fmod_project/Build/Desktop/Master.bank : mode 02010082
[LOG] SystemI::createSound                     : FMOD_NONBLOCKING specified.  Putting into queue to be opened asynchronously!
[LOG] AsyncThread::add                         : add sound to async queue : soundi = 00000262CB7608C8, queue head = 00000261D007B378, queue count = 0
[LOG] AsyncThread::threadFunc                  : Starting Asynchronous operation on sound 00000262CB7608C8
[LOG] SystemI::createSoundInternal             :     Create name='Assets/fmod_project/Build/Desktop/Master.bank', mode=0x02010082
[LOG] SystemI::createSoundInternal             :     exinfo->cbsize             = 224
[LOG] SystemI::createSoundInternal             :     exinfo->length             = 1389280
[LOG] SystemI::createSoundInternal             :     exinfo->fileoffset         = 9312
[LOG] SystemI::createSoundInternal             :     exinfo->numsubsounds       = 1
[LOG] SystemI::createSoundInternal             :     exinfo->inclusionlist      = 00000262CA8537F0
[LOG] SystemI::createSoundInternal             :     exinfo->inclusionlistnum   = 1
[LOG] SystemI::createSoundInternal             :     exinfo->suggestedsoundtype = 5
[LOG] SystemI::createSoundInternal             :     exinfo->initialseekpostype = 1
[LOG] SystemI::createSoundInternal             :     Stream 0/1: name='mobs', format=5, channels=2, frequency=48000, lengthbytes=1072000, lengthpcm=3622305, pcmblocksize=0, loopstart=0, loopend=0, mode=0x00000000, channelmask=0x00000000, channelorder=0, peakvolume=0.460283.
[LOG] AsyncThread::threadFunc                  : Finished Asynchronous operation on sound 00000262CB7608C8
[LOG] SoundI::release                          : mobs (00000262CB75C1E8)
[LOG] SoundI::release                          :     mobs (00000262C7D48DF8)
[LOG] SoundI::release                          :     mobs (00000262CB75C6F8)
[LOG] SoundI::release                          : mobs (00000262CB75BE88)
[LOG] SoundI::release                          :     mobs (00000262C7D4EF78)
[LOG] SoundI::release                          :     mobs (00000262CB760DD8)
[LOG] SoundI::release                          : mobs (00000262CB760F88)
[LOG] SoundI::release                          :     mobs (00000262C7D4C538)
[LOG] SoundI::release                          :     mobs (00000262CB75EA68)
[LOG] SoundI::release                          : mobs (00000262CB75FCF8)
[LOG] SoundI::release                          :     mobs (00000262C7D49AF8)
[LOG] SoundI::release                          :     mobs (00000262CB75C8A8)
[LOG] SoundI::release                          : mobs (00000262CB75D628)
[LOG] SoundI::release                          :     mobs (00000262C7D497B8)
[LOG] SoundI::release                          :     mobs (00000262CB75D118)
[LOG] SoundI::release                          : mobs (00000262CB75D7D8)
[LOG] SoundI::release                          :     mobs (00000262C7D4ACD8)
[LOG] SoundI::release                          :     mobs (00000262CB75D988)
[WRN] OutputWASAPI::mixerThread                : Starvation detected in WASAPI output buffer!
[LOG] SystemI::createSound                     : filename = Assets/fmod_project/Build/Desktop/Master.bank : mode 02010082
[LOG] SystemI::createSound                     : FMOD_NONBLOCKING specified.  Putting into queue to be opened asynchronously!
[LOG] AsyncThread::add                         : add sound to async queue : soundi = 00000262CB75F488, queue head = 00000261D007B378, queue count = 0
[LOG] AsyncThread::threadFunc                  : Starting Asynchronous operation on sound 00000262CB75F488
[LOG] SystemI::createSoundInternal             :     Create name='Assets/fmod_project/Build/Desktop/Master.bank', mode=0x02010082
[LOG] SystemI::createSoundInternal             :     exinfo->cbsize             = 224
[LOG] SystemI::createSoundInternal             :     exinfo->length             = 1389280
[LOG] SystemI::createSoundInternal             :     exinfo->fileoffset         = 9312
[LOG] SystemI::createSoundInternal             :     exinfo->numsubsounds       = 1
[LOG] SystemI::createSoundInternal             :     exinfo->inclusionlist      = 00000262CA8531B0
[LOG] SystemI::createSoundInternal             :     exinfo->inclusionlistnum   = 1
[LOG] SystemI::createSoundInternal             :     exinfo->suggestedsoundtype = 5
[LOG] SystemI::createSoundInternal             :     exinfo->initialseekpostype = 1
[LOG] SystemI::createSoundInternal             :     Stream 0/1: name='mobs', format=5, channels=2, frequency=48000, lengthbytes=1072000, lengthpcm=3622305, pcmblocksize=0, loopstart=0, loopend=0, mode=0x00000000, channelmask=0x00000000, channelorder=0, peakvolume=0.460283.
[LOG] AsyncThread::threadFunc                  : Finished Asynchronous operation on sound 00000262CB75F488
[LOG] SoundI::release                          : mobs (00000262CB7608C8)
[LOG] SoundI::release                          :     mobs (00000262C7D4E758)
[LOG] SoundI::release                          :     mobs (00000262CB760A78)
[LOG] SoundI::release                          : mobs (00000262CB75F128)
[LOG] SoundI::release                          :     mobs (00000262C7D4BB78)
[LOG] SoundI::release                          :     mobs (00000262CB75CDB8)
[LOG] SoundI::release                          : mobs (00000262CB75EDC8)
[LOG] SoundI::release                          :     mobs (00000262C7D49C98)
[LOG] SoundI::release                          :     mobs (00000262CB760718)
[LOG] SoundI::release                          : mobs (00000262CB75E8B8)
[LOG] SoundI::release                          :     mobs (00000262C7D4E418)
[LOG] SoundI::release                          :     mobs (00000262CB75EF78)
[LOG] SoundI::release                          : mobs (00000262CB75F488)
[LOG] SoundI::release                          :     mobs (00000262C7D48918)
[LOG] SoundI::release                          :     mobs (00000262CB75D2C8)
[LOG] SoundI::release                          : mobs (00000262CB75ADA8)
[LOG] SoundI::release                          :     mobs (00000262C7D4E5B8)
[LOG] SoundI::release                          :     mobs (00000262CB75B618)
[LOG] SoundI::release                          :  (00000262AFA550D8)
[LOG] SoundI::release                          :     place_tower - Trimmed (00000261AA76E658)
[LOG] SoundI::release                          :  (00000262AFA56AB8)
[LOG] SoundI::release                          :     Tools, Hand, Hammer, Nail Into Stone SND0255 (00000261AA76CAB8)
[LOG] SoundI::release                          :  (00000262AFA55AE8)
[LOG] SoundI::release                          :     Ceramics, Friction, Nails Scrape On Ceramic Tile, Screeching, Shivering, Unpleasant SND37434 (00000261AA76C778)
[LOG] SoundI::release                          :  (00000262AFA56218)
[LOG] SoundI::release                          :     Blipfree_Metal Impact 2 (00000261AA76F1B8)
[LOG] Thread::callback                         : FMOD Studio update thread finished.
[LOG] Thread::callback                         : FMOD Studio bank load thread finished.
[LOG] Profile::disconnectAll                   : Profiler disconnecting all clients
[LOG] Thread::callback                         : FMOD Studio sample load thread finished.
[LOG] LiveUpdate::release                      : 
[LOG] LiveUpdate::reset                        : Reset connection (reason Disconnected)
[LOG] Thread::callback                         : FMOD stream thread finished.
[LOG] Thread::callback                         : FMOD mixer thread finished.
[LOG] Profile::disconnectAll                   : Profiler disconnecting all clients
[LOG] SystemI::close                           : Closed.
[LOG] Thread::callback                         : FMOD Studio bank load thread finished.
[LOG] Thread::callback                         : FMOD Studio sample load thread finished.
[LOG] LiveUpdate::release                      : 
[LOG] LiveUpdate::reset                        : Reset connection (reason Disconnected)
[LOG] Thread::callback                         : FMOD stream thread finished.
[LOG] Thread::callback                         : FMOD mixer thread finished.
[LOG] SystemI::close                           : Closed.
[LOG] Thread::callback                         : FMOD nonblocking thread (0) finished.
[LOG] Thread::callback                         : FMOD file thread finished.
